<?xml version="1.0" encoding="UTF-8"?>
<testsuite xmlns:xsi="http://www.w3.org/2001/XMLSchema-instance" xsi:noNamespaceSchemaLocation="https://maven.apache.org/surefire/maven-surefire-plugin/xsd/surefire-test-report-3.0.xsd" version="3.0" name="com.epaynexus.www.CommandeTest" time="0.871" tests="2" errors="1" skipped="0" failures="0">
  <properties>
    <property name="java.specification.version" value="17"/>
    <property name="sun.cpu.isalist" value="amd64"/>
    <property name="sun.jnu.encoding" value="Cp1252"/>
    <property name="java.class.path" value="C:\Users\Salah-eddine Alaoui\Desktop\work folder\Work\spring\EpayNexus-Aventix-API\target\test-classes;C:\Users\Salah-eddine Alaoui\Desktop\work folder\Work\spring\EpayNexus-Aventix-API\target\classes;C:\Users\Salah-eddine Alaoui\.m2\repository\org\springframework\boot\spring-boot-starter-data-jpa\3.2.2\spring-boot-starter-data-jpa-3.2.2.jar;C:\Users\Salah-eddine Alaoui\.m2\repository\org\springframework\boot\spring-boot-starter-aop\3.2.2\spring-boot-starter-aop-3.2.2.jar;C:\Users\Salah-eddine Alaoui\.m2\repository\org\aspectj\aspectjweaver\1.9.21\aspectjweaver-1.9.21.jar;C:\Users\Salah-eddine Alaoui\.m2\repository\org\springframework\boot\spring-boot-starter-jdbc\3.2.2\spring-boot-starter-jdbc-3.2.2.jar;C:\Users\Salah-eddine Alaoui\.m2\repository\com\zaxxer\HikariCP\5.0.1\HikariCP-5.0.1.jar;C:\Users\Salah-eddine Alaoui\.m2\repository\org\springframework\spring-jdbc\6.1.3\spring-jdbc-6.1.3.jar;C:\Users\Salah-eddine Alaoui\.m2\repository\org\hibernate\orm\hibernate-core\6.4.1.Final\hibernate-core-6.4.1.Final.jar;C:\Users\Salah-eddine Alaoui\.m2\repository\jakarta\persistence\jakarta.persistence-api\3.1.0\jakarta.persistence-api-3.1.0.jar;C:\Users\Salah-eddine Alaoui\.m2\repository\jakarta\transaction\jakarta.transaction-api\2.0.1\jakarta.transaction-api-2.0.1.jar;C:\Users\Salah-eddine Alaoui\.m2\repository\org\jboss\logging\jboss-logging\3.5.3.Final\jboss-logging-3.5.3.Final.jar;C:\Users\Salah-eddine Alaoui\.m2\repository\org\hibernate\common\hibernate-commons-annotations\6.0.6.Final\hibernate-commons-annotations-6.0.6.Final.jar;C:\Users\Salah-eddine Alaoui\.m2\repository\io\smallrye\jandex\3.1.2\jandex-3.1.2.jar;C:\Users\Salah-eddine Alaoui\.m2\repository\com\fasterxml\classmate\1.6.0\classmate-1.6.0.jar;C:\Users\Salah-eddine Alaoui\.m2\repository\net\bytebuddy\byte-buddy\1.14.11\byte-buddy-1.14.11.jar;C:\Users\Salah-eddine Alaoui\.m2\repository\org\glassfish\jaxb\jaxb-runtime\4.0.4\jaxb-runtime-4.0.4.jar;C:\Users\Salah-eddine Alaoui\.m2\repository\org\glassfish\jaxb\jaxb-core\4.0.4\jaxb-core-4.0.4.jar;C:\Users\Salah-eddine Alaoui\.m2\repository\org\eclipse\angus\angus-activation\2.0.1\angus-activation-2.0.1.jar;C:\Users\Salah-eddine Alaoui\.m2\repository\org\glassfish\jaxb\txw2\4.0.4\txw2-4.0.4.jar;C:\Users\Salah-eddine Alaoui\.m2\repository\com\sun\istack\istack-commons-runtime\4.1.2\istack-commons-runtime-4.1.2.jar;C:\Users\Salah-eddine Alaoui\.m2\repository\jakarta\inject\jakarta.inject-api\2.0.1\jakarta.inject-api-2.0.1.jar;C:\Users\Salah-eddine Alaoui\.m2\repository\org\antlr\antlr4-runtime\4.13.0\antlr4-runtime-4.13.0.jar;C:\Users\Salah-eddine Alaoui\.m2\repository\org\springframework\data\spring-data-jpa\3.2.2\spring-data-jpa-3.2.2.jar;C:\Users\Salah-eddine Alaoui\.m2\repository\org\springframework\data\spring-data-commons\3.2.2\spring-data-commons-3.2.2.jar;C:\Users\Salah-eddine Alaoui\.m2\repository\org\springframework\spring-orm\6.1.3\spring-orm-6.1.3.jar;C:\Users\Salah-eddine Alaoui\.m2\repository\org\springframework\spring-context\6.1.3\spring-context-6.1.3.jar;C:\Users\Salah-eddine Alaoui\.m2\repository\org\springframework\spring-tx\6.1.3\spring-tx-6.1.3.jar;C:\Users\Salah-eddine Alaoui\.m2\repository\org\springframework\spring-beans\6.1.3\spring-beans-6.1.3.jar;C:\Users\Salah-eddine Alaoui\.m2\repository\jakarta\annotation\jakarta.annotation-api\2.1.1\jakarta.annotation-api-2.1.1.jar;C:\Users\Salah-eddine Alaoui\.m2\repository\org\slf4j\slf4j-api\2.0.11\slf4j-api-2.0.11.jar;C:\Users\Salah-eddine Alaoui\.m2\repository\org\springframework\spring-aspects\6.1.3\spring-aspects-6.1.3.jar;C:\Users\Salah-eddine Alaoui\.m2\repository\org\springframework\boot\spring-boot-starter-web\3.2.2\spring-boot-starter-web-3.2.2.jar;C:\Users\Salah-eddine Alaoui\.m2\repository\org\springframework\boot\spring-boot-starter\3.2.2\spring-boot-starter-3.2.2.jar;C:\Users\Salah-eddine Alaoui\.m2\repository\org\springframework\boot\spring-boot-starter-logging\3.2.2\spring-boot-starter-logging-3.2.2.jar;C:\Users\Salah-eddine Alaoui\.m2\repository\ch\qos\logback\logback-classic\1.4.14\logback-classic-1.4.14.jar;C:\Users\Salah-eddine Alaoui\.m2\repository\ch\qos\logback\logback-core\1.4.14\logback-core-1.4.14.jar;C:\Users\Salah-eddine Alaoui\.m2\repository\org\apache\logging\log4j\log4j-to-slf4j\2.21.1\log4j-to-slf4j-2.21.1.jar;C:\Users\Salah-eddine Alaoui\.m2\repository\org\apache\logging\log4j\log4j-api\2.21.1\log4j-api-2.21.1.jar;C:\Users\Salah-eddine Alaoui\.m2\repository\org\slf4j\jul-to-slf4j\2.0.11\jul-to-slf4j-2.0.11.jar;C:\Users\Salah-eddine Alaoui\.m2\repository\org\yaml\snakeyaml\2.2\snakeyaml-2.2.jar;C:\Users\Salah-eddine Alaoui\.m2\repository\org\springframework\boot\spring-boot-starter-json\3.2.2\spring-boot-starter-json-3.2.2.jar;C:\Users\Salah-eddine Alaoui\.m2\repository\com\fasterxml\jackson\datatype\jackson-datatype-jdk8\2.15.3\jackson-datatype-jdk8-2.15.3.jar;C:\Users\Salah-eddine Alaoui\.m2\repository\com\fasterxml\jackson\datatype\jackson-datatype-jsr310\2.15.3\jackson-datatype-jsr310-2.15.3.jar;C:\Users\Salah-eddine Alaoui\.m2\repository\com\fasterxml\jackson\module\jackson-module-parameter-names\2.15.3\jackson-module-parameter-names-2.15.3.jar;C:\Users\Salah-eddine Alaoui\.m2\repository\org\springframework\boot\spring-boot-starter-tomcat\3.2.2\spring-boot-starter-tomcat-3.2.2.jar;C:\Users\Salah-eddine Alaoui\.m2\repository\org\apache\tomcat\embed\tomcat-embed-core\10.1.18\tomcat-embed-core-10.1.18.jar;C:\Users\Salah-eddine Alaoui\.m2\repository\org\apache\tomcat\embed\tomcat-embed-el\10.1.18\tomcat-embed-el-10.1.18.jar;C:\Users\Salah-eddine Alaoui\.m2\repository\org\apache\tomcat\embed\tomcat-embed-websocket\10.1.18\tomcat-embed-websocket-10.1.18.jar;C:\Users\Salah-eddine Alaoui\.m2\repository\org\springframework\spring-web\6.1.3\spring-web-6.1.3.jar;C:\Users\Salah-eddine Alaoui\.m2\repository\io\micrometer\micrometer-observation\1.12.2\micrometer-observation-1.12.2.jar;C:\Users\Salah-eddine Alaoui\.m2\repository\io\micrometer\micrometer-commons\1.12.2\micrometer-commons-1.12.2.jar;C:\Users\Salah-eddine Alaoui\.m2\repository\org\springframework\spring-webmvc\6.1.3\spring-webmvc-6.1.3.jar;C:\Users\Salah-eddine Alaoui\.m2\repository\org\springframework\spring-expression\6.1.3\spring-expression-6.1.3.jar;C:\Users\Salah-eddine Alaoui\.m2\repository\org\springframework\boot\spring-boot-devtools\3.2.2\spring-boot-devtools-3.2.2.jar;C:\Users\Salah-eddine Alaoui\.m2\repository\org\springframework\boot\spring-boot\3.2.2\spring-boot-3.2.2.jar;C:\Users\Salah-eddine Alaoui\.m2\repository\org\springframework\boot\spring-boot-autoconfigure\3.2.2\spring-boot-autoconfigure-3.2.2.jar;C:\Users\Salah-eddine Alaoui\.m2\repository\org\postgresql\postgresql\42.6.0\postgresql-42.6.0.jar;C:\Users\Salah-eddine Alaoui\.m2\repository\org\checkerframework\checker-qual\3.31.0\checker-qual-3.31.0.jar;C:\Users\Salah-eddine Alaoui\.m2\repository\org\projectlombok\lombok\1.18.30\lombok-1.18.30.jar;C:\Users\Salah-eddine Alaoui\.m2\repository\org\springframework\boot\spring-boot-starter-test\3.2.2\spring-boot-starter-test-3.2.2.jar;C:\Users\Salah-eddine Alaoui\.m2\repository\org\springframework\boot\spring-boot-test\3.2.2\spring-boot-test-3.2.2.jar;C:\Users\Salah-eddine Alaoui\.m2\repository\org\springframework\boot\spring-boot-test-autoconfigure\3.2.2\spring-boot-test-autoconfigure-3.2.2.jar;C:\Users\Salah-eddine Alaoui\.m2\repository\com\jayway\jsonpath\json-path\2.8.0\json-path-2.8.0.jar;C:\Users\Salah-eddine Alaoui\.m2\repository\jakarta\xml\bind\jakarta.xml.bind-api\4.0.1\jakarta.xml.bind-api-4.0.1.jar;C:\Users\Salah-eddine Alaoui\.m2\repository\jakarta\activation\jakarta.activation-api\2.1.2\jakarta.activation-api-2.1.2.jar;C:\Users\Salah-eddine Alaoui\.m2\repository\org\assertj\assertj-core\3.24.2\assertj-core-3.24.2.jar;C:\Users\Salah-eddine Alaoui\.m2\repository\org\awaitility\awaitility\4.2.0\awaitility-4.2.0.jar;C:\Users\Salah-eddine Alaoui\.m2\repository\org\hamcrest\hamcrest\2.2\hamcrest-2.2.jar;C:\Users\Salah-eddine Alaoui\.m2\repository\org\junit\jupiter\junit-jupiter\5.10.1\junit-jupiter-5.10.1.jar;C:\Users\Salah-eddine Alaoui\.m2\repository\org\junit\jupiter\junit-jupiter-api\5.10.1\junit-jupiter-api-5.10.1.jar;C:\Users\Salah-eddine Alaoui\.m2\repository\org\opentest4j\opentest4j\1.3.0\opentest4j-1.3.0.jar;C:\Users\Salah-eddine Alaoui\.m2\repository\org\junit\platform\junit-platform-commons\1.10.1\junit-platform-commons-1.10.1.jar;C:\Users\Salah-eddine Alaoui\.m2\repository\org\apiguardian\apiguardian-api\1.1.2\apiguardian-api-1.1.2.jar;C:\Users\Salah-eddine Alaoui\.m2\repository\org\junit\jupiter\junit-jupiter-params\5.10.1\junit-jupiter-params-5.10.1.jar;C:\Users\Salah-eddine Alaoui\.m2\repository\org\junit\jupiter\junit-jupiter-engine\5.10.1\junit-jupiter-engine-5.10.1.jar;C:\Users\Salah-eddine Alaoui\.m2\repository\org\junit\platform\junit-platform-engine\1.10.1\junit-platform-engine-1.10.1.jar;C:\Users\Salah-eddine Alaoui\.m2\repository\org\mockito\mockito-core\5.7.0\mockito-core-5.7.0.jar;C:\Users\Salah-eddine Alaoui\.m2\repository\net\bytebuddy\byte-buddy-agent\1.14.11\byte-buddy-agent-1.14.11.jar;C:\Users\Salah-eddine Alaoui\.m2\repository\org\objenesis\objenesis\3.3\objenesis-3.3.jar;C:\Users\Salah-eddine Alaoui\.m2\repository\org\mockito\mockito-junit-jupiter\5.7.0\mockito-junit-jupiter-5.7.0.jar;C:\Users\Salah-eddine Alaoui\.m2\repository\org\skyscreamer\jsonassert\1.5.1\jsonassert-1.5.1.jar;C:\Users\Salah-eddine Alaoui\.m2\repository\com\vaadin\external\google\android-json\0.0.20131108.vaadin1\android-json-0.0.20131108.vaadin1.jar;C:\Users\Salah-eddine Alaoui\.m2\repository\org\springframework\spring-core\6.1.3\spring-core-6.1.3.jar;C:\Users\Salah-eddine Alaoui\.m2\repository\org\springframework\spring-jcl\6.1.3\spring-jcl-6.1.3.jar;C:\Users\Salah-eddine Alaoui\.m2\repository\org\springframework\spring-test\6.1.3\spring-test-6.1.3.jar;C:\Users\Salah-eddine Alaoui\.m2\repository\org\xmlunit\xmlunit-core\2.9.1\xmlunit-core-2.9.1.jar;C:\Users\Salah-eddine Alaoui\.m2\repository\org\springframework\boot\spring-boot-starter-security\3.2.2\spring-boot-starter-security-3.2.2.jar;C:\Users\Salah-eddine Alaoui\.m2\repository\org\springframework\spring-aop\6.1.3\spring-aop-6.1.3.jar;C:\Users\Salah-eddine Alaoui\.m2\repository\org\springframework\security\spring-security-config\6.2.1\spring-security-config-6.2.1.jar;C:\Users\Salah-eddine Alaoui\.m2\repository\org\springframework\security\spring-security-web\6.2.1\spring-security-web-6.2.1.jar;C:\Users\Salah-eddine Alaoui\.m2\repository\org\springframework\security\spring-security-test\6.2.1\spring-security-test-6.2.1.jar;C:\Users\Salah-eddine Alaoui\.m2\repository\org\springframework\security\spring-security-core\6.2.1\spring-security-core-6.2.1.jar;C:\Users\Salah-eddine Alaoui\.m2\repository\org\springframework\security\spring-security-crypto\6.2.1\spring-security-crypto-6.2.1.jar;C:\Users\Salah-eddine Alaoui\.m2\repository\io\jsonwebtoken\jjwt-api\0.11.2\jjwt-api-0.11.2.jar;C:\Users\Salah-eddine Alaoui\.m2\repository\io\jsonwebtoken\jjwt-impl\0.11.2\jjwt-impl-0.11.2.jar;C:\Users\Salah-eddine Alaoui\.m2\repository\io\jsonwebtoken\jjwt-jackson\0.11.2\jjwt-jackson-0.11.2.jar;C:\Users\Salah-eddine Alaoui\.m2\repository\com\fasterxml\jackson\core\jackson-databind\2.15.3\jackson-databind-2.15.3.jar;C:\Users\Salah-eddine Alaoui\.m2\repository\com\fasterxml\jackson\core\jackson-annotations\2.15.3\jackson-annotations-2.15.3.jar;C:\Users\Salah-eddine Alaoui\.m2\repository\com\fasterxml\jackson\core\jackson-core\2.15.3\jackson-core-2.15.3.jar;C:\Users\Salah-eddine Alaoui\.m2\repository\net\minidev\json-smart\2.5.0\json-smart-2.5.0.jar;C:\Users\Salah-eddine Alaoui\.m2\repository\net\minidev\accessors-smart\2.5.0\accessors-smart-2.5.0.jar;C:\Users\Salah-eddine Alaoui\.m2\repository\org\ow2\asm\asm\9.3\asm-9.3.jar;"/>
    <property name="java.vm.vendor" value="Eclipse Adoptium"/>
    <property name="sun.arch.data.model" value="64"/>
    <property name="user.variant" value=""/>
    <property name="java.vendor.url" value="https://adoptium.net/"/>
    <property name="user.timezone" value="Africa/Casablanca"/>
    <property name="org.jboss.logging.provider" value="slf4j"/>
    <property name="os.name" value="Windows 10"/>
    <property name="java.vm.specification.version" value="17"/>
    <property name="sun.java.launcher" value="SUN_STANDARD"/>
    <property name="user.country" value="US"/>
    <property name="sun.boot.library.path" value="C:\Users\Salah-eddine Alaoui\Downloads\sts-4.21.1.RELEASE\plugins\org.eclipse.justj.openjdk.hotspot.jre.full.win32.x86_64_17.0.10.v20240120-1143\jre\bin"/>
    <property name="sun.java.command" value="C:\Users\Salah-eddine Alaoui\AppData\Local\Temp\surefire4362207907260209676\surefirebooter-20240324204113026_3.jar C:\Users\Salah-eddine Alaoui\AppData\Local\Temp\surefire4362207907260209676 2024-03-24T20-41-12_697-jvmRun1 surefire-20240324204113026_1tmp surefire_0-20240324204113026_2tmp"/>
    <property name="jdk.debug" value="release"/>
    <property name="surefire.test.class.path" value="C:\Users\Salah-eddine Alaoui\Desktop\work folder\Work\spring\EpayNexus-Aventix-API\target\test-classes;C:\Users\Salah-eddine Alaoui\Desktop\work folder\Work\spring\EpayNexus-Aventix-API\target\classes;C:\Users\Salah-eddine Alaoui\.m2\repository\org\springframework\boot\spring-boot-starter-data-jpa\3.2.2\spring-boot-starter-data-jpa-3.2.2.jar;C:\Users\Salah-eddine Alaoui\.m2\repository\org\springframework\boot\spring-boot-starter-aop\3.2.2\spring-boot-starter-aop-3.2.2.jar;C:\Users\Salah-eddine Alaoui\.m2\repository\org\aspectj\aspectjweaver\1.9.21\aspectjweaver-1.9.21.jar;C:\Users\Salah-eddine Alaoui\.m2\repository\org\springframework\boot\spring-boot-starter-jdbc\3.2.2\spring-boot-starter-jdbc-3.2.2.jar;C:\Users\Salah-eddine Alaoui\.m2\repository\com\zaxxer\HikariCP\5.0.1\HikariCP-5.0.1.jar;C:\Users\Salah-eddine Alaoui\.m2\repository\org\springframework\spring-jdbc\6.1.3\spring-jdbc-6.1.3.jar;C:\Users\Salah-eddine Alaoui\.m2\repository\org\hibernate\orm\hibernate-core\6.4.1.Final\hibernate-core-6.4.1.Final.jar;C:\Users\Salah-eddine Alaoui\.m2\repository\jakarta\persistence\jakarta.persistence-api\3.1.0\jakarta.persistence-api-3.1.0.jar;C:\Users\Salah-eddine Alaoui\.m2\repository\jakarta\transaction\jakarta.transaction-api\2.0.1\jakarta.transaction-api-2.0.1.jar;C:\Users\Salah-eddine Alaoui\.m2\repository\org\jboss\logging\jboss-logging\3.5.3.Final\jboss-logging-3.5.3.Final.jar;C:\Users\Salah-eddine Alaoui\.m2\repository\org\hibernate\common\hibernate-commons-annotations\6.0.6.Final\hibernate-commons-annotations-6.0.6.Final.jar;C:\Users\Salah-eddine Alaoui\.m2\repository\io\smallrye\jandex\3.1.2\jandex-3.1.2.jar;C:\Users\Salah-eddine Alaoui\.m2\repository\com\fasterxml\classmate\1.6.0\classmate-1.6.0.jar;C:\Users\Salah-eddine Alaoui\.m2\repository\net\bytebuddy\byte-buddy\1.14.11\byte-buddy-1.14.11.jar;C:\Users\Salah-eddine Alaoui\.m2\repository\org\glassfish\jaxb\jaxb-runtime\4.0.4\jaxb-runtime-4.0.4.jar;C:\Users\Salah-eddine Alaoui\.m2\repository\org\glassfish\jaxb\jaxb-core\4.0.4\jaxb-core-4.0.4.jar;C:\Users\Salah-eddine Alaoui\.m2\repository\org\eclipse\angus\angus-activation\2.0.1\angus-activation-2.0.1.jar;C:\Users\Salah-eddine Alaoui\.m2\repository\org\glassfish\jaxb\txw2\4.0.4\txw2-4.0.4.jar;C:\Users\Salah-eddine Alaoui\.m2\repository\com\sun\istack\istack-commons-runtime\4.1.2\istack-commons-runtime-4.1.2.jar;C:\Users\Salah-eddine Alaoui\.m2\repository\jakarta\inject\jakarta.inject-api\2.0.1\jakarta.inject-api-2.0.1.jar;C:\Users\Salah-eddine Alaoui\.m2\repository\org\antlr\antlr4-runtime\4.13.0\antlr4-runtime-4.13.0.jar;C:\Users\Salah-eddine Alaoui\.m2\repository\org\springframework\data\spring-data-jpa\3.2.2\spring-data-jpa-3.2.2.jar;C:\Users\Salah-eddine Alaoui\.m2\repository\org\springframework\data\spring-data-commons\3.2.2\spring-data-commons-3.2.2.jar;C:\Users\Salah-eddine Alaoui\.m2\repository\org\springframework\spring-orm\6.1.3\spring-orm-6.1.3.jar;C:\Users\Salah-eddine Alaoui\.m2\repository\org\springframework\spring-context\6.1.3\spring-context-6.1.3.jar;C:\Users\Salah-eddine Alaoui\.m2\repository\org\springframework\spring-tx\6.1.3\spring-tx-6.1.3.jar;C:\Users\Salah-eddine Alaoui\.m2\repository\org\springframework\spring-beans\6.1.3\spring-beans-6.1.3.jar;C:\Users\Salah-eddine Alaoui\.m2\repository\jakarta\annotation\jakarta.annotation-api\2.1.1\jakarta.annotation-api-2.1.1.jar;C:\Users\Salah-eddine Alaoui\.m2\repository\org\slf4j\slf4j-api\2.0.11\slf4j-api-2.0.11.jar;C:\Users\Salah-eddine Alaoui\.m2\repository\org\springframework\spring-aspects\6.1.3\spring-aspects-6.1.3.jar;C:\Users\Salah-eddine Alaoui\.m2\repository\org\springframework\boot\spring-boot-starter-web\3.2.2\spring-boot-starter-web-3.2.2.jar;C:\Users\Salah-eddine Alaoui\.m2\repository\org\springframework\boot\spring-boot-starter\3.2.2\spring-boot-starter-3.2.2.jar;C:\Users\Salah-eddine Alaoui\.m2\repository\org\springframework\boot\spring-boot-starter-logging\3.2.2\spring-boot-starter-logging-3.2.2.jar;C:\Users\Salah-eddine Alaoui\.m2\repository\ch\qos\logback\logback-classic\1.4.14\logback-classic-1.4.14.jar;C:\Users\Salah-eddine Alaoui\.m2\repository\ch\qos\logback\logback-core\1.4.14\logback-core-1.4.14.jar;C:\Users\Salah-eddine Alaoui\.m2\repository\org\apache\logging\log4j\log4j-to-slf4j\2.21.1\log4j-to-slf4j-2.21.1.jar;C:\Users\Salah-eddine Alaoui\.m2\repository\org\apache\logging\log4j\log4j-api\2.21.1\log4j-api-2.21.1.jar;C:\Users\Salah-eddine Alaoui\.m2\repository\org\slf4j\jul-to-slf4j\2.0.11\jul-to-slf4j-2.0.11.jar;C:\Users\Salah-eddine Alaoui\.m2\repository\org\yaml\snakeyaml\2.2\snakeyaml-2.2.jar;C:\Users\Salah-eddine Alaoui\.m2\repository\org\springframework\boot\spring-boot-starter-json\3.2.2\spring-boot-starter-json-3.2.2.jar;C:\Users\Salah-eddine Alaoui\.m2\repository\com\fasterxml\jackson\datatype\jackson-datatype-jdk8\2.15.3\jackson-datatype-jdk8-2.15.3.jar;C:\Users\Salah-eddine Alaoui\.m2\repository\com\fasterxml\jackson\datatype\jackson-datatype-jsr310\2.15.3\jackson-datatype-jsr310-2.15.3.jar;C:\Users\Salah-eddine Alaoui\.m2\repository\com\fasterxml\jackson\module\jackson-module-parameter-names\2.15.3\jackson-module-parameter-names-2.15.3.jar;C:\Users\Salah-eddine Alaoui\.m2\repository\org\springframework\boot\spring-boot-starter-tomcat\3.2.2\spring-boot-starter-tomcat-3.2.2.jar;C:\Users\Salah-eddine Alaoui\.m2\repository\org\apache\tomcat\embed\tomcat-embed-core\10.1.18\tomcat-embed-core-10.1.18.jar;C:\Users\Salah-eddine Alaoui\.m2\repository\org\apache\tomcat\embed\tomcat-embed-el\10.1.18\tomcat-embed-el-10.1.18.jar;C:\Users\Salah-eddine Alaoui\.m2\repository\org\apache\tomcat\embed\tomcat-embed-websocket\10.1.18\tomcat-embed-websocket-10.1.18.jar;C:\Users\Salah-eddine Alaoui\.m2\repository\org\springframework\spring-web\6.1.3\spring-web-6.1.3.jar;C:\Users\Salah-eddine Alaoui\.m2\repository\io\micrometer\micrometer-observation\1.12.2\micrometer-observation-1.12.2.jar;C:\Users\Salah-eddine Alaoui\.m2\repository\io\micrometer\micrometer-commons\1.12.2\micrometer-commons-1.12.2.jar;C:\Users\Salah-eddine Alaoui\.m2\repository\org\springframework\spring-webmvc\6.1.3\spring-webmvc-6.1.3.jar;C:\Users\Salah-eddine Alaoui\.m2\repository\org\springframework\spring-expression\6.1.3\spring-expression-6.1.3.jar;C:\Users\Salah-eddine Alaoui\.m2\repository\org\springframework\boot\spring-boot-devtools\3.2.2\spring-boot-devtools-3.2.2.jar;C:\Users\Salah-eddine Alaoui\.m2\repository\org\springframework\boot\spring-boot\3.2.2\spring-boot-3.2.2.jar;C:\Users\Salah-eddine Alaoui\.m2\repository\org\springframework\boot\spring-boot-autoconfigure\3.2.2\spring-boot-autoconfigure-3.2.2.jar;C:\Users\Salah-eddine Alaoui\.m2\repository\org\postgresql\postgresql\42.6.0\postgresql-42.6.0.jar;C:\Users\Salah-eddine Alaoui\.m2\repository\org\checkerframework\checker-qual\3.31.0\checker-qual-3.31.0.jar;C:\Users\Salah-eddine Alaoui\.m2\repository\org\projectlombok\lombok\1.18.30\lombok-1.18.30.jar;C:\Users\Salah-eddine Alaoui\.m2\repository\org\springframework\boot\spring-boot-starter-test\3.2.2\spring-boot-starter-test-3.2.2.jar;C:\Users\Salah-eddine Alaoui\.m2\repository\org\springframework\boot\spring-boot-test\3.2.2\spring-boot-test-3.2.2.jar;C:\Users\Salah-eddine Alaoui\.m2\repository\org\springframework\boot\spring-boot-test-autoconfigure\3.2.2\spring-boot-test-autoconfigure-3.2.2.jar;C:\Users\Salah-eddine Alaoui\.m2\repository\com\jayway\jsonpath\json-path\2.8.0\json-path-2.8.0.jar;C:\Users\Salah-eddine Alaoui\.m2\repository\jakarta\xml\bind\jakarta.xml.bind-api\4.0.1\jakarta.xml.bind-api-4.0.1.jar;C:\Users\Salah-eddine Alaoui\.m2\repository\jakarta\activation\jakarta.activation-api\2.1.2\jakarta.activation-api-2.1.2.jar;C:\Users\Salah-eddine Alaoui\.m2\repository\org\assertj\assertj-core\3.24.2\assertj-core-3.24.2.jar;C:\Users\Salah-eddine Alaoui\.m2\repository\org\awaitility\awaitility\4.2.0\awaitility-4.2.0.jar;C:\Users\Salah-eddine Alaoui\.m2\repository\org\hamcrest\hamcrest\2.2\hamcrest-2.2.jar;C:\Users\Salah-eddine Alaoui\.m2\repository\org\junit\jupiter\junit-jupiter\5.10.1\junit-jupiter-5.10.1.jar;C:\Users\Salah-eddine Alaoui\.m2\repository\org\junit\jupiter\junit-jupiter-api\5.10.1\junit-jupiter-api-5.10.1.jar;C:\Users\Salah-eddine Alaoui\.m2\repository\org\opentest4j\opentest4j\1.3.0\opentest4j-1.3.0.jar;C:\Users\Salah-eddine Alaoui\.m2\repository\org\junit\platform\junit-platform-commons\1.10.1\junit-platform-commons-1.10.1.jar;C:\Users\Salah-eddine Alaoui\.m2\repository\org\apiguardian\apiguardian-api\1.1.2\apiguardian-api-1.1.2.jar;C:\Users\Salah-eddine Alaoui\.m2\repository\org\junit\jupiter\junit-jupiter-params\5.10.1\junit-jupiter-params-5.10.1.jar;C:\Users\Salah-eddine Alaoui\.m2\repository\org\junit\jupiter\junit-jupiter-engine\5.10.1\junit-jupiter-engine-5.10.1.jar;C:\Users\Salah-eddine Alaoui\.m2\repository\org\junit\platform\junit-platform-engine\1.10.1\junit-platform-engine-1.10.1.jar;C:\Users\Salah-eddine Alaoui\.m2\repository\org\mockito\mockito-core\5.7.0\mockito-core-5.7.0.jar;C:\Users\Salah-eddine Alaoui\.m2\repository\net\bytebuddy\byte-buddy-agent\1.14.11\byte-buddy-agent-1.14.11.jar;C:\Users\Salah-eddine Alaoui\.m2\repository\org\objenesis\objenesis\3.3\objenesis-3.3.jar;C:\Users\Salah-eddine Alaoui\.m2\repository\org\mockito\mockito-junit-jupiter\5.7.0\mockito-junit-jupiter-5.7.0.jar;C:\Users\Salah-eddine Alaoui\.m2\repository\org\skyscreamer\jsonassert\1.5.1\jsonassert-1.5.1.jar;C:\Users\Salah-eddine Alaoui\.m2\repository\com\vaadin\external\google\android-json\0.0.20131108.vaadin1\android-json-0.0.20131108.vaadin1.jar;C:\Users\Salah-eddine Alaoui\.m2\repository\org\springframework\spring-core\6.1.3\spring-core-6.1.3.jar;C:\Users\Salah-eddine Alaoui\.m2\repository\org\springframework\spring-jcl\6.1.3\spring-jcl-6.1.3.jar;C:\Users\Salah-eddine Alaoui\.m2\repository\org\springframework\spring-test\6.1.3\spring-test-6.1.3.jar;C:\Users\Salah-eddine Alaoui\.m2\repository\org\xmlunit\xmlunit-core\2.9.1\xmlunit-core-2.9.1.jar;C:\Users\Salah-eddine Alaoui\.m2\repository\org\springframework\boot\spring-boot-starter-security\3.2.2\spring-boot-starter-security-3.2.2.jar;C:\Users\Salah-eddine Alaoui\.m2\repository\org\springframework\spring-aop\6.1.3\spring-aop-6.1.3.jar;C:\Users\Salah-eddine Alaoui\.m2\repository\org\springframework\security\spring-security-config\6.2.1\spring-security-config-6.2.1.jar;C:\Users\Salah-eddine Alaoui\.m2\repository\org\springframework\security\spring-security-web\6.2.1\spring-security-web-6.2.1.jar;C:\Users\Salah-eddine Alaoui\.m2\repository\org\springframework\security\spring-security-test\6.2.1\spring-security-test-6.2.1.jar;C:\Users\Salah-eddine Alaoui\.m2\repository\org\springframework\security\spring-security-core\6.2.1\spring-security-core-6.2.1.jar;C:\Users\Salah-eddine Alaoui\.m2\repository\org\springframework\security\spring-security-crypto\6.2.1\spring-security-crypto-6.2.1.jar;C:\Users\Salah-eddine Alaoui\.m2\repository\io\jsonwebtoken\jjwt-api\0.11.2\jjwt-api-0.11.2.jar;C:\Users\Salah-eddine Alaoui\.m2\repository\io\jsonwebtoken\jjwt-impl\0.11.2\jjwt-impl-0.11.2.jar;C:\Users\Salah-eddine Alaoui\.m2\repository\io\jsonwebtoken\jjwt-jackson\0.11.2\jjwt-jackson-0.11.2.jar;C:\Users\Salah-eddine Alaoui\.m2\repository\com\fasterxml\jackson\core\jackson-databind\2.15.3\jackson-databind-2.15.3.jar;C:\Users\Salah-eddine Alaoui\.m2\repository\com\fasterxml\jackson\core\jackson-annotations\2.15.3\jackson-annotations-2.15.3.jar;C:\Users\Salah-eddine Alaoui\.m2\repository\com\fasterxml\jackson\core\jackson-core\2.15.3\jackson-core-2.15.3.jar;C:\Users\Salah-eddine Alaoui\.m2\repository\net\minidev\json-smart\2.5.0\json-smart-2.5.0.jar;C:\Users\Salah-eddine Alaoui\.m2\repository\net\minidev\accessors-smart\2.5.0\accessors-smart-2.5.0.jar;C:\Users\Salah-eddine Alaoui\.m2\repository\org\ow2\asm\asm\9.3\asm-9.3.jar;"/>
    <property name="sun.cpu.endian" value="little"/>
    <property name="user.home" value="C:\Users\Salah-eddine Alaoui"/>
    <property name="user.language" value="en"/>
    <property name="java.specification.vendor" value="Oracle Corporation"/>
    <property name="java.version.date" value="2024-01-16"/>
    <property name="java.home" value="C:\Users\Salah-eddine Alaoui\Downloads\sts-4.21.1.RELEASE\plugins\org.eclipse.justj.openjdk.hotspot.jre.full.win32.x86_64_17.0.10.v20240120-1143\jre"/>
    <property name="file.separator" value="\"/>
    <property name="style.color" value="always"/>
    <property name="basedir" value="C:\Users\Salah-eddine Alaoui\Desktop\work folder\Work\spring\EpayNexus-Aventix-API"/>
    <property name="java.vm.compressedOopsMode" value="Zero based"/>
    <property name="line.separator" value="&#10;"/>
    <property name="java.vm.specification.vendor" value="Oracle Corporation"/>
    <property name="java.specification.name" value="Java Platform API Specification"/>
    <property name="FILE_LOG_CHARSET" value="windows-1252"/>
    <property name="java.awt.headless" value="true"/>
    <property name="surefire.real.class.path" value="C:\Users\Salah-eddine Alaoui\AppData\Local\Temp\surefire4362207907260209676\surefirebooter-20240324204113026_3.jar"/>
    <property name="user.script" value=""/>
    <property name="sun.management.compiler" value="HotSpot 64-Bit Tiered Compilers"/>
    <property name="java.runtime.version" value="17.0.10+7"/>
    <property name="user.name" value="Salah-eddine Alaoui"/>
    <property name="path.separator" value=";"/>
    <property name="os.version" value="10.0"/>
    <property name="java.runtime.name" value="OpenJDK Runtime Environment"/>
    <property name="file.encoding" value="Cp1252"/>
    <property name="java.vm.name" value="OpenJDK 64-Bit Server VM"/>
    <property name="java.vendor.version" value="Temurin-17.0.10+7"/>
    <property name="localRepository" value="C:\Users\Salah-eddine Alaoui\.m2\repository"/>
    <property name="java.vendor.url.bug" value="https://github.com/adoptium/adoptium-support/issues"/>
    <property name="java.io.tmpdir" value="C:\Users\SALAH-~1\AppData\Local\Temp\"/>
    <property name="com.zaxxer.hikari.pool_number" value="1"/>
    <property name="java.version" value="17.0.10"/>
    <property name="user.dir" value="C:\Users\Salah-eddine Alaoui\Desktop\work folder\Work\spring\EpayNexus-Aventix-API"/>
    <property name="os.arch" value="amd64"/>
    <property name="java.vm.specification.name" value="Java Virtual Machine Specification"/>
    <property name="PID" value="668"/>
    <property name="sun.os.patch.level" value=""/>
    <property name="CONSOLE_LOG_CHARSET" value="windows-1252"/>
    <property name="native.encoding" value="Cp1252"/>
    <property name="java.library.path" value="C:\Users\Salah-eddine Alaoui\Downloads\sts-4.21.1.RELEASE\plugins\org.eclipse.justj.openjdk.hotspot.jre.full.win32.x86_64_17.0.10.v20240120-1143\jre\bin;C:\WINDOWS\Sun\Java\bin;C:\WINDOWS\system32;C:\WINDOWS;C:/Users/Salah-eddine Alaoui/Downloads/sts-4.21.1.RELEASE//plugins/org.eclipse.justj.openjdk.hotspot.jre.full.win32.x86_64_17.0.10.v20240120-1143/jre/bin/server;C:/Users/Salah-eddine Alaoui/Downloads/sts-4.21.1.RELEASE//plugins/org.eclipse.justj.openjdk.hotspot.jre.full.win32.x86_64_17.0.10.v20240120-1143/jre/bin;C:\Program Files\Common Files\Oracle\Java\javapath;C:\Program Files (x86)\Intel\iCLS Client\;C:\Program Files\Intel\iCLS Client\;C:\Windows\system32;C:\Windows;C:\Windows\System32\Wbem;C:\Windows\System32\WindowsPowerShell\v1.0\;C:\Program Files (x86)\NVIDIA Corporation\PhysX\Common;C:\Program Files (x86)\Intel\Intel(R) Management Engine Components\DAL;C:\Program Files\Intel\Intel(R) Management Engine Components\DAL;C:\Program Files (x86)\Intel\Intel(R) Management Engine Components\IPT;C:\Program Files\Intel\Intel(R) Management Engine Components\IPT;C:\Program Files\mingw-w64\mingw64\bin;C:\WINDOWS\system32;C:\WINDOWS;C:\WINDOWS\System32\Wbem;C:\WINDOWS\System32\WindowsPowerShell\v1.0\;C:\WINDOWS\System32\OpenSSH\;C:\Program Files\Intel\WiFi\bin\;C:\Program Files\Common Files\Intel\WirelessCommon\;C:\Program Files\nodejs\;C:\Program Files (x86)\dotnet\;C:\Program Files\Git\cmd;C:\Program Files\dotnet\;C:\Users\Salah-eddine Alaoui\Desktop\work folder\Work\nginx;C:\Users\Salah-eddine Alaoui\AppData\Local\Programs\Eclipse Adoptium\jdk-17.0.9.9-hotspot\bin;C:\Users\Salah-eddine Alaoui\AppData\Local\Programs\Python\Python311\Scripts\;C:\Users\Salah-eddine Alaoui\AppData\Local\Programs\Python\Python311\;D:\Scripts\;D:\;C:\Users\Salah-eddine Alaoui\AppData\Local\Microsoft\WindowsApps;C:\Users\Salah-eddine Alaoui\AppData\Local\Microsoft\WindowsApps;C:\Users\Salah-eddine Alaoui\AppData\Roaming\npm;C:\Users\Salah-eddine Alaoui\AppData\Local\Programs\Microsoft VS Code\bin;C:\Users\Salah-eddine Alaoui\Downloads\sts-4.21.1.RELEASE;;."/>
    <property name="java.vm.info" value="mixed mode"/>
    <property name="java.vendor" value="Eclipse Adoptium"/>
    <property name="java.vm.version" value="17.0.10+7"/>
    <property name="sun.io.unicode.encoding" value="UnicodeLittle"/>
    <property name="java.class.version" value="61.0"/>
  </properties>
  <testcase name="creerCommandeTest" classname="com.epaynexus.www.CommandeTest" time="0.486">
    <error message="Employeur non existant" type="com.epaynexus.www.exception.NotFoundException"><![CDATA[com.epaynexus.www.exception.NotFoundException: Employeur non existant
	at com.epaynexus.www.service.EmployeurServiceImpl.lambda$chercherEmployeur$0(EmployeurServiceImpl.java:103)
	at java.base/java.util.Optional.orElseThrow(Optional.java:403)
	at com.epaynexus.www.service.EmployeurServiceImpl.chercherEmployeur(EmployeurServiceImpl.java:103)
	at com.epaynexus.www.service.CommandeServiceImpl.creerCommande(CommandeServiceImpl.java:49)
	at java.base/jdk.internal.reflect.NativeMethodAccessorImpl.invoke0(Native Method)
	at java.base/jdk.internal.reflect.NativeMethodAccessorImpl.invoke(NativeMethodAccessorImpl.java:77)
	at java.base/jdk.internal.reflect.DelegatingMethodAccessorImpl.invoke(DelegatingMethodAccessorImpl.java:43)
	at java.base/java.lang.reflect.Method.invoke(Method.java:568)
	at org.springframework.aop.support.AopUtils.invokeJoinpointUsingReflection(AopUtils.java:351)
	at org.springframework.aop.framework.ReflectiveMethodInvocation.invokeJoinpoint(ReflectiveMethodInvocation.java:196)
	at org.springframework.aop.framework.ReflectiveMethodInvocation.proceed(ReflectiveMethodInvocation.java:163)
	at org.springframework.aop.framework.CglibAopProxy$CglibMethodInvocation.proceed(CglibAopProxy.java:765)
	at org.springframework.transaction.interceptor.TransactionInterceptor$1.proceedWithInvocation(TransactionInterceptor.java:123)
	at org.springframework.transaction.interceptor.TransactionAspectSupport.invokeWithinTransaction(TransactionAspectSupport.java:385)
	at org.springframework.transaction.interceptor.TransactionInterceptor.invoke(TransactionInterceptor.java:119)
	at org.springframework.aop.framework.ReflectiveMethodInvocation.proceed(ReflectiveMethodInvocation.java:184)
	at org.springframework.aop.framework.CglibAopProxy$CglibMethodInvocation.proceed(CglibAopProxy.java:765)
	at org.springframework.aop.framework.CglibAopProxy$DynamicAdvisedInterceptor.intercept(CglibAopProxy.java:717)
	at com.epaynexus.www.service.CommandeServiceImpl$$SpringCGLIB$$0.creerCommande(<generated>)
	at com.epaynexus.www.CommandeTest.creerCommandeTest(CommandeTest.java:41)
	at java.base/java.lang.reflect.Method.invoke(Method.java:568)
	at java.base/java.util.ArrayList.forEach(ArrayList.java:1511)
	at java.base/java.util.ArrayList.forEach(ArrayList.java:1511)
]]></error>
    <system-out><![CDATA[2024-03-24T20:41:25.309Z  INFO 668 --- [           main] t.c.s.AnnotationConfigContextLoaderUtils : Could not detect default configuration classes for test class [com.epaynexus.www.CommandeTest]: CommandeTest does not declare any static, non-private, non-final, nested classes annotated with @Configuration.
2024-03-24T20:41:25.317Z  INFO 668 --- [           main] .b.t.c.SpringBootTestContextBootstrapper : Found @SpringBootConfiguration com.epaynexus.www.EPayNexusAventixApiApplication for test class com.epaynexus.www.CommandeTest
2024-03-24T20:41:25.513Z DEBUG 668 --- [           main] org.hibernate.SQL                        : select e1_0.employeur_id,e1_1.email,e1_1.mot_de_passe,e1_1.nom,e1_1.prenom,e1_1.role,e1_1.telephone,e1_0.adresse,e1_0.code_postal,e1_0.effectif,e1_0.nom_entreprise,e1_0.num_siret,e1_0.raison_sociale from employeur e1_0 join utilisateur e1_1 on e1_0.employeur_id=e1_1.id where e1_0.employeur_id=?
]]></system-out>
  </testcase>
  <testcase name="extraireToutesCommandesTest" classname="com.epaynexus.www.CommandeTest" time="0.322">
    <system-out><![CDATA[2024-03-24T20:41:26.006Z DEBUG 668 --- [           main] org.hibernate.SQL                        : select count(*) from commande c1_0
2024-03-24T20:41:26.046Z DEBUG 668 --- [           main] org.hibernate.SQL                        : select c1_0.reference,c1_0.date_creation,c1_0.employeur_employeur_id,c1_0.etat,c1_0.facture_identifiant,c1_0.nombre_salaries,c1_0.plafond_quotidien from commande c1_0
2024-03-24T20:41:26.085Z DEBUG 668 --- [           main] org.hibernate.SQL                        : select f1_0.identifiant,c1_0.reference,c1_0.date_creation,e1_0.employeur_id,e1_1.email,e1_1.mot_de_passe,e1_1.nom,e1_1.prenom,e1_1.role,e1_1.telephone,e1_0.adresse,e1_0.code_postal,e1_0.effectif,e1_0.nom_entreprise,e1_0.num_siret,e1_0.raison_sociale,c1_0.etat,c1_0.nombre_salaries,c1_0.plafond_quotidien,f1_0.cout_total from facture f1_0 left join commande c1_0 on f1_0.identifiant=c1_0.facture_identifiant left join (employeur e1_0 join utilisateur e1_1 on e1_0.employeur_id=e1_1.id) on e1_0.employeur_id=c1_0.employeur_employeur_id where f1_0.identifiant=?
2024-03-24T20:41:26.103Z DEBUG 668 --- [           main] org.hibernate.SQL                        : select s1_0.commande_reference,s1_0.salarie_id,s1_1.email,s1_1.mot_de_passe,s1_1.nom,s1_1.prenom,s1_1.role,s1_1.telephone,s1_0.actif,cv1_0.numero,cv1_0.active,cv1_0.date_creation,cv1_0.date_expiration,cv1_0.plafond_quotidien,cv1_0.solde,s1_0.forfait_journalier,s1_0.poste from salarie s1_0 join utilisateur s1_1 on s1_0.salarie_id=s1_1.id left join carte_virtuelle cv1_0 on s1_0.salarie_id=cv1_0.salarie_salarie_id where s1_0.commande_reference=?
2024-03-24T20:41:26.112Z DEBUG 668 --- [           main] org.hibernate.SQL                        : select s1_0.commande_reference,s1_0.salarie_id,s1_1.email,s1_1.mot_de_passe,s1_1.nom,s1_1.prenom,s1_1.role,s1_1.telephone,s1_0.actif,cv1_0.numero,cv1_0.active,cv1_0.date_creation,cv1_0.date_expiration,cv1_0.plafond_quotidien,cv1_0.solde,s1_0.forfait_journalier,s1_0.poste from salarie s1_0 join utilisateur s1_1 on s1_0.salarie_id=s1_1.id left join carte_virtuelle cv1_0 on s1_0.salarie_id=cv1_0.salarie_salarie_id where s1_0.commande_reference=?
2024-03-24T20:41:26.116Z DEBUG 668 --- [           main] org.hibernate.SQL                        : select s1_0.commande_reference,s1_0.salarie_id,s1_1.email,s1_1.mot_de_passe,s1_1.nom,s1_1.prenom,s1_1.role,s1_1.telephone,s1_0.actif,cv1_0.numero,cv1_0.active,cv1_0.date_creation,cv1_0.date_expiration,cv1_0.plafond_quotidien,cv1_0.solde,s1_0.forfait_journalier,s1_0.poste from salarie s1_0 join utilisateur s1_1 on s1_0.salarie_id=s1_1.id left join carte_virtuelle cv1_0 on s1_0.salarie_id=cv1_0.salarie_salarie_id where s1_0.commande_reference=?
2024-03-24T20:41:26.118Z DEBUG 668 --- [           main] org.hibernate.SQL                        : select s1_0.commande_reference,s1_0.salarie_id,s1_1.email,s1_1.mot_de_passe,s1_1.nom,s1_1.prenom,s1_1.role,s1_1.telephone,s1_0.actif,cv1_0.numero,cv1_0.active,cv1_0.date_creation,cv1_0.date_expiration,cv1_0.plafond_quotidien,cv1_0.solde,s1_0.forfait_journalier,s1_0.poste from salarie s1_0 join utilisateur s1_1 on s1_0.salarie_id=s1_1.id left join carte_virtuelle cv1_0 on s1_0.salarie_id=cv1_0.salarie_salarie_id where s1_0.commande_reference=?
2024-03-24T20:41:26.121Z DEBUG 668 --- [           main] org.hibernate.SQL                        : select s1_0.commande_reference,s1_0.salarie_id,s1_1.email,s1_1.mot_de_passe,s1_1.nom,s1_1.prenom,s1_1.role,s1_1.telephone,s1_0.actif,cv1_0.numero,cv1_0.active,cv1_0.date_creation,cv1_0.date_expiration,cv1_0.plafond_quotidien,cv1_0.solde,s1_0.forfait_journalier,s1_0.poste from salarie s1_0 join utilisateur s1_1 on s1_0.salarie_id=s1_1.id left join carte_virtuelle cv1_0 on s1_0.salarie_id=cv1_0.salarie_salarie_id where s1_0.commande_reference=?
2024-03-24T20:41:26.123Z DEBUG 668 --- [           main] org.hibernate.SQL                        : select s1_0.commande_reference,s1_0.salarie_id,s1_1.email,s1_1.mot_de_passe,s1_1.nom,s1_1.prenom,s1_1.role,s1_1.telephone,s1_0.actif,cv1_0.numero,cv1_0.active,cv1_0.date_creation,cv1_0.date_expiration,cv1_0.plafond_quotidien,cv1_0.solde,s1_0.forfait_journalier,s1_0.poste from salarie s1_0 join utilisateur s1_1 on s1_0.salarie_id=s1_1.id left join carte_virtuelle cv1_0 on s1_0.salarie_id=cv1_0.salarie_salarie_id where s1_0.commande_reference=?
2024-03-24T20:41:26.126Z DEBUG 668 --- [           main] org.hibernate.SQL                        : select s1_0.commande_reference,s1_0.salarie_id,s1_1.email,s1_1.mot_de_passe,s1_1.nom,s1_1.prenom,s1_1.role,s1_1.telephone,s1_0.actif,cv1_0.numero,cv1_0.active,cv1_0.date_creation,cv1_0.date_expiration,cv1_0.plafond_quotidien,cv1_0.solde,s1_0.forfait_journalier,s1_0.poste from salarie s1_0 join utilisateur s1_1 on s1_0.salarie_id=s1_1.id left join carte_virtuelle cv1_0 on s1_0.salarie_id=cv1_0.salarie_salarie_id where s1_0.commande_reference=?
2024-03-24T20:41:26.129Z DEBUG 668 --- [           main] org.hibernate.SQL                        : select s1_0.commande_reference,s1_0.salarie_id,s1_1.email,s1_1.mot_de_passe,s1_1.nom,s1_1.prenom,s1_1.role,s1_1.telephone,s1_0.actif,cv1_0.numero,cv1_0.active,cv1_0.date_creation,cv1_0.date_expiration,cv1_0.plafond_quotidien,cv1_0.solde,s1_0.forfait_journalier,s1_0.poste from salarie s1_0 join utilisateur s1_1 on s1_0.salarie_id=s1_1.id left join carte_virtuelle cv1_0 on s1_0.salarie_id=cv1_0.salarie_salarie_id where s1_0.commande_reference=?
2024-03-24T20:41:26.132Z DEBUG 668 --- [           main] org.hibernate.SQL                        : select s1_0.commande_reference,s1_0.salarie_id,s1_1.email,s1_1.mot_de_passe,s1_1.nom,s1_1.prenom,s1_1.role,s1_1.telephone,s1_0.actif,cv1_0.numero,cv1_0.active,cv1_0.date_creation,cv1_0.date_expiration,cv1_0.plafond_quotidien,cv1_0.solde,s1_0.forfait_journalier,s1_0.poste from salarie s1_0 join utilisateur s1_1 on s1_0.salarie_id=s1_1.id left join carte_virtuelle cv1_0 on s1_0.salarie_id=cv1_0.salarie_salarie_id where s1_0.commande_reference=?
2024-03-24T20:41:26.134Z DEBUG 668 --- [           main] org.hibernate.SQL                        : select s1_0.commande_reference,s1_0.salarie_id,s1_1.email,s1_1.mot_de_passe,s1_1.nom,s1_1.prenom,s1_1.role,s1_1.telephone,s1_0.actif,cv1_0.numero,cv1_0.active,cv1_0.date_creation,cv1_0.date_expiration,cv1_0.plafond_quotidien,cv1_0.solde,s1_0.forfait_journalier,s1_0.poste from salarie s1_0 join utilisateur s1_1 on s1_0.salarie_id=s1_1.id left join carte_virtuelle cv1_0 on s1_0.salarie_id=cv1_0.salarie_salarie_id where s1_0.commande_reference=?
2024-03-24T20:41:26.136Z DEBUG 668 --- [           main] org.hibernate.SQL                        : select s1_0.commande_reference,s1_0.salarie_id,s1_1.email,s1_1.mot_de_passe,s1_1.nom,s1_1.prenom,s1_1.role,s1_1.telephone,s1_0.actif,cv1_0.numero,cv1_0.active,cv1_0.date_creation,cv1_0.date_expiration,cv1_0.plafond_quotidien,cv1_0.solde,s1_0.forfait_journalier,s1_0.poste from salarie s1_0 join utilisateur s1_1 on s1_0.salarie_id=s1_1.id left join carte_virtuelle cv1_0 on s1_0.salarie_id=cv1_0.salarie_salarie_id where s1_0.commande_reference=?
2024-03-24T20:41:26.138Z DEBUG 668 --- [           main] org.hibernate.SQL                        : select s1_0.commande_reference,s1_0.salarie_id,s1_1.email,s1_1.mot_de_passe,s1_1.nom,s1_1.prenom,s1_1.role,s1_1.telephone,s1_0.actif,cv1_0.numero,cv1_0.active,cv1_0.date_creation,cv1_0.date_expiration,cv1_0.plafond_quotidien,cv1_0.solde,s1_0.forfait_journalier,s1_0.poste from salarie s1_0 join utilisateur s1_1 on s1_0.salarie_id=s1_1.id left join carte_virtuelle cv1_0 on s1_0.salarie_id=cv1_0.salarie_salarie_id where s1_0.commande_reference=?
2024-03-24T20:41:26.140Z DEBUG 668 --- [           main] org.hibernate.SQL                        : select s1_0.commande_reference,s1_0.salarie_id,s1_1.email,s1_1.mot_de_passe,s1_1.nom,s1_1.prenom,s1_1.role,s1_1.telephone,s1_0.actif,cv1_0.numero,cv1_0.active,cv1_0.date_creation,cv1_0.date_expiration,cv1_0.plafond_quotidien,cv1_0.solde,s1_0.forfait_journalier,s1_0.poste from salarie s1_0 join utilisateur s1_1 on s1_0.salarie_id=s1_1.id left join carte_virtuelle cv1_0 on s1_0.salarie_id=cv1_0.salarie_salarie_id where s1_0.commande_reference=?
2024-03-24T20:41:26.142Z DEBUG 668 --- [           main] org.hibernate.SQL                        : select s1_0.commande_reference,s1_0.salarie_id,s1_1.email,s1_1.mot_de_passe,s1_1.nom,s1_1.prenom,s1_1.role,s1_1.telephone,s1_0.actif,cv1_0.numero,cv1_0.active,cv1_0.date_creation,cv1_0.date_expiration,cv1_0.plafond_quotidien,cv1_0.solde,s1_0.forfait_journalier,s1_0.poste from salarie s1_0 join utilisateur s1_1 on s1_0.salarie_id=s1_1.id left join carte_virtuelle cv1_0 on s1_0.salarie_id=cv1_0.salarie_salarie_id where s1_0.commande_reference=?
2024-03-24T20:41:26.143Z DEBUG 668 --- [           main] org.hibernate.SQL                        : select s1_0.commande_reference,s1_0.salarie_id,s1_1.email,s1_1.mot_de_passe,s1_1.nom,s1_1.prenom,s1_1.role,s1_1.telephone,s1_0.actif,cv1_0.numero,cv1_0.active,cv1_0.date_creation,cv1_0.date_expiration,cv1_0.plafond_quotidien,cv1_0.solde,s1_0.forfait_journalier,s1_0.poste from salarie s1_0 join utilisateur s1_1 on s1_0.salarie_id=s1_1.id left join carte_virtuelle cv1_0 on s1_0.salarie_id=cv1_0.salarie_salarie_id where s1_0.commande_reference=?
2024-03-24T20:41:26.145Z DEBUG 668 --- [           main] org.hibernate.SQL                        : select s1_0.commande_reference,s1_0.salarie_id,s1_1.email,s1_1.mot_de_passe,s1_1.nom,s1_1.prenom,s1_1.role,s1_1.telephone,s1_0.actif,cv1_0.numero,cv1_0.active,cv1_0.date_creation,cv1_0.date_expiration,cv1_0.plafond_quotidien,cv1_0.solde,s1_0.forfait_journalier,s1_0.poste from salarie s1_0 join utilisateur s1_1 on s1_0.salarie_id=s1_1.id left join carte_virtuelle cv1_0 on s1_0.salarie_id=cv1_0.salarie_salarie_id where s1_0.commande_reference=?
2024-03-24T20:41:26.147Z DEBUG 668 --- [           main] org.hibernate.SQL                        : select s1_0.commande_reference,s1_0.salarie_id,s1_1.email,s1_1.mot_de_passe,s1_1.nom,s1_1.prenom,s1_1.role,s1_1.telephone,s1_0.actif,cv1_0.numero,cv1_0.active,cv1_0.date_creation,cv1_0.date_expiration,cv1_0.plafond_quotidien,cv1_0.solde,s1_0.forfait_journalier,s1_0.poste from salarie s1_0 join utilisateur s1_1 on s1_0.salarie_id=s1_1.id left join carte_virtuelle cv1_0 on s1_0.salarie_id=cv1_0.salarie_salarie_id where s1_0.commande_reference=?
2024-03-24T20:41:26.149Z DEBUG 668 --- [           main] org.hibernate.SQL                        : select s1_0.commande_reference,s1_0.salarie_id,s1_1.email,s1_1.mot_de_passe,s1_1.nom,s1_1.prenom,s1_1.role,s1_1.telephone,s1_0.actif,cv1_0.numero,cv1_0.active,cv1_0.date_creation,cv1_0.date_expiration,cv1_0.plafond_quotidien,cv1_0.solde,s1_0.forfait_journalier,s1_0.poste from salarie s1_0 join utilisateur s1_1 on s1_0.salarie_id=s1_1.id left join carte_virtuelle cv1_0 on s1_0.salarie_id=cv1_0.salarie_salarie_id where s1_0.commande_reference=?
2024-03-24T20:41:26.153Z DEBUG 668 --- [           main] org.hibernate.SQL                        : select s1_0.commande_reference,s1_0.salarie_id,s1_1.email,s1_1.mot_de_passe,s1_1.nom,s1_1.prenom,s1_1.role,s1_1.telephone,s1_0.actif,cv1_0.numero,cv1_0.active,cv1_0.date_creation,cv1_0.date_expiration,cv1_0.plafond_quotidien,cv1_0.solde,s1_0.forfait_journalier,s1_0.poste from salarie s1_0 join utilisateur s1_1 on s1_0.salarie_id=s1_1.id left join carte_virtuelle cv1_0 on s1_0.salarie_id=cv1_0.salarie_salarie_id where s1_0.commande_reference=?
2024-03-24T20:41:26.155Z DEBUG 668 --- [           main] org.hibernate.SQL                        : select s1_0.commande_reference,s1_0.salarie_id,s1_1.email,s1_1.mot_de_passe,s1_1.nom,s1_1.prenom,s1_1.role,s1_1.telephone,s1_0.actif,cv1_0.numero,cv1_0.active,cv1_0.date_creation,cv1_0.date_expiration,cv1_0.plafond_quotidien,cv1_0.solde,s1_0.forfait_journalier,s1_0.poste from salarie s1_0 join utilisateur s1_1 on s1_0.salarie_id=s1_1.id left join carte_virtuelle cv1_0 on s1_0.salarie_id=cv1_0.salarie_salarie_id where s1_0.commande_reference=?
2024-03-24T20:41:26.156Z DEBUG 668 --- [           main] org.hibernate.SQL                        : select s1_0.commande_reference,s1_0.salarie_id,s1_1.email,s1_1.mot_de_passe,s1_1.nom,s1_1.prenom,s1_1.role,s1_1.telephone,s1_0.actif,cv1_0.numero,cv1_0.active,cv1_0.date_creation,cv1_0.date_expiration,cv1_0.plafond_quotidien,cv1_0.solde,s1_0.forfait_journalier,s1_0.poste from salarie s1_0 join utilisateur s1_1 on s1_0.salarie_id=s1_1.id left join carte_virtuelle cv1_0 on s1_0.salarie_id=cv1_0.salarie_salarie_id where s1_0.commande_reference=?
2024-03-24T20:41:26.158Z DEBUG 668 --- [           main] org.hibernate.SQL                        : select s1_0.commande_reference,s1_0.salarie_id,s1_1.email,s1_1.mot_de_passe,s1_1.nom,s1_1.prenom,s1_1.role,s1_1.telephone,s1_0.actif,cv1_0.numero,cv1_0.active,cv1_0.date_creation,cv1_0.date_expiration,cv1_0.plafond_quotidien,cv1_0.solde,s1_0.forfait_journalier,s1_0.poste from salarie s1_0 join utilisateur s1_1 on s1_0.salarie_id=s1_1.id left join carte_virtuelle cv1_0 on s1_0.salarie_id=cv1_0.salarie_salarie_id where s1_0.commande_reference=?
2024-03-24T20:41:26.160Z DEBUG 668 --- [           main] org.hibernate.SQL                        : select s1_0.commande_reference,s1_0.salarie_id,s1_1.email,s1_1.mot_de_passe,s1_1.nom,s1_1.prenom,s1_1.role,s1_1.telephone,s1_0.actif,cv1_0.numero,cv1_0.active,cv1_0.date_creation,cv1_0.date_expiration,cv1_0.plafond_quotidien,cv1_0.solde,s1_0.forfait_journalier,s1_0.poste from salarie s1_0 join utilisateur s1_1 on s1_0.salarie_id=s1_1.id left join carte_virtuelle cv1_0 on s1_0.salarie_id=cv1_0.salarie_salarie_id where s1_0.commande_reference=?
2024-03-24T20:41:26.162Z DEBUG 668 --- [           main] org.hibernate.SQL                        : select s1_0.commande_reference,s1_0.salarie_id,s1_1.email,s1_1.mot_de_passe,s1_1.nom,s1_1.prenom,s1_1.role,s1_1.telephone,s1_0.actif,cv1_0.numero,cv1_0.active,cv1_0.date_creation,cv1_0.date_expiration,cv1_0.plafond_quotidien,cv1_0.solde,s1_0.forfait_journalier,s1_0.poste from salarie s1_0 join utilisateur s1_1 on s1_0.salarie_id=s1_1.id left join carte_virtuelle cv1_0 on s1_0.salarie_id=cv1_0.salarie_salarie_id where s1_0.commande_reference=?
2024-03-24T20:41:26.164Z DEBUG 668 --- [           main] org.hibernate.SQL                        : select s1_0.commande_reference,s1_0.salarie_id,s1_1.email,s1_1.mot_de_passe,s1_1.nom,s1_1.prenom,s1_1.role,s1_1.telephone,s1_0.actif,cv1_0.numero,cv1_0.active,cv1_0.date_creation,cv1_0.date_expiration,cv1_0.plafond_quotidien,cv1_0.solde,s1_0.forfait_journalier,s1_0.poste from salarie s1_0 join utilisateur s1_1 on s1_0.salarie_id=s1_1.id left join carte_virtuelle cv1_0 on s1_0.salarie_id=cv1_0.salarie_salarie_id where s1_0.commande_reference=?
]]></system-out>
  </testcase>
</testsuite>